Arguments: 
  C:\Program Files\nodejs\node.exe C:\Program Files (x86)\Yarn\bin\yarn.js add @bit/lekanmedia.shared-ui.date-picker

PATH: 
  C:\Program Files\Common Files\Oracle\Java\javapath;C:\Program Files (x86)\Intel\Intel(R) Management Engine Components\iCLS\;C:\Program Files\Intel\Intel(R) Management Engine Components\iCLS\;C:\Windows\system32;C:\Windows;C:\Windows\System32\Wbem;C:\Windows\System32\WindowsPowerShell\v1.0\;C:\Windows\System32\OpenSSH\;C:\Program Files (x86)\Intel\Intel(R) Management Engine Components\DAL;C:\Program Files\Intel\Intel(R) Management Engine Components\DAL;C:\Program Files (x86)\NVIDIA Corporation\PhysX\Common;C:\Program Files\Intel\WiFi\bin\;C:\Program Files\Common Files\Intel\WirelessCommon\;C:\Program Files\nodejs\;C:\Program Files (x86)\Yarn\bin\;C:\Users\daime\AppData\Local\Android\Sdk\platform-tools;C:\ProgramData\chocolatey\bin;C:\WINDOWS\system32;C:\WINDOWS;C:\WINDOWS\System32\Wbem;C:\WINDOWS\System32\WindowsPowerShell\v1.0\;C:\WINDOWS\System32\OpenSSH\;C:\Program Files\Docker\Docker\resources\bin;C:\ProgramData\DockerDesktop\version-bin;C:\Program Files (x86)\Microsoft Emulator Manager\1.0\;C:\Program Files\Git\cmd;C:\Users\daime\AppData\Local\Programs\Python\Python37\Scripts\;C:\Users\daime\AppData\Local\Programs\Python\Python37\;C:\Users\daime\AppData\Local\Programs\Python\Python37-32\Scripts\;C:\Users\daime\AppData\Local\Programs\Python\Python37-32\;C:\Users\daime\AppData\Local\Microsoft\WindowsApps;C:\Users\daime\AppData\Local\atom\bin;C:\Users\daime\AppData\Local\hyper\app-3.0.2\resources\bin;C:\Users\daime\AppData\Roaming\npm;C:\Program Files\heroku\bin;C:\Users\daime\Desktop\Udemy\2020 Web Development Bootcamp\heroku\bin;C:\Users\daime\AppData\Local\Programs\Microsoft VS Code\bin;C:\Users\daime\AppData\Local\Yarn\bin;C:\ProgramData\daime\atom\bin;C:\Users\daime\AppData\Android\Sdk\platform-tools;C:\Users\daime\AppData\Local\Microsoft\WindowsApps;C:\Users\daime\AppData\Local\GitHubDesktop\bin

Yarn version: 
  1.22.5

Node version: 
  12.18.3

Platform: 
  win32 x64

Trace: 
  Error: https://registry.npmjs.org/@bit%2flekanmedia.shared-ui.date-picker: Not found
      at Request.params.callback [as _callback] (C:\Program Files (x86)\Yarn\lib\cli.js:66097:18)
      at Request.self.callback (C:\Program Files (x86)\Yarn\lib\cli.js:140749:22)
      at Request.emit (events.js:315:20)
      at Request.<anonymous> (C:\Program Files (x86)\Yarn\lib\cli.js:141721:10)
      at Request.emit (events.js:315:20)
      at IncomingMessage.<anonymous> (C:\Program Files (x86)\Yarn\lib\cli.js:141643:12)
      at Object.onceWrapper (events.js:421:28)
      at IncomingMessage.emit (events.js:327:22)
      at endReadableNT (_stream_readable.js:1220:12)
      at processTicksAndRejections (internal/process/task_queues.js:84:21)

npm manifest: 
  {
    "name": "merng",
    "version": "1.0.0",
    "description": "",
    "main": "index.js",
    "scripts": {
      "test": "echo \"Error: no test specified\" && exit 1",
      "serve": "node index"
    },
    "keywords": [],
    "author": "",
    "license": "ISC",
    "dependencies": {
      "apollo-link-context": "^1.0.20",
      "apollo-server": "^2.21.0",
      "bcryptjs": "^2.4.3",
      "bootstrap": "^4.6.0",
      "graphql": "^15.5.0",
      "jsonwebtoken": "^8.5.1",
      "mongo": "^0.1.0",
      "mongoose": "^5.11.18",
      "react-bootstrap": "^1.5.1",
      "react-currency-input": "^1.3.6"
    },
    "devDependencies": {
      "nodemon": "^2.0.7"
    }
  }

yarn manifest: 
  No manifest

Lockfile: 
  No lockfile
